10/16/2018 16:03:56 INICIANDO...
10/16/2018 16:03:56 2.1.0.2
10/16/2018 16:03:56 Usuário: Otavio(Administrador)
10/16/2018 16:03:56 Versão do Sistema Operacional: 6.2.9200
10/16/2018 16:03:56 64 Bits: true
10/16/2018 16:03:56   ( 0.7 )
10/16/2018 16:03:56 UAC: Ativado
10/16/2018 16:03:56 Verificando se Mozilla Firefox está instalado...
10/16/2018 16:03:56 Mozilla Firefox não instalado.
10/16/2018 16:03:57 [1: Ajustando ambiente] Verificando...
10/16/2018 16:03:57 [1: Ajustando ambiente] 
10/16/2018 16:03:57 [1: Ajustando ambiente] Ok.
10/16/2018 16:03:57 [2: Ajustes iniciais] Verificando...
10/16/2018 16:03:57 [2: Ajustes iniciais] Ok.
10/16/2018 16:03:57 [3: Instalação dos certificados raíz] Verificando...
10/16/2018 16:03:57 [3: Instalação dos certificados raíz] Efetuando download do instalador...
10/16/2018 16:04:03 [3: Instalação dos certificados raíz] Instalando...
10/16/2018 16:04:09 [3: Instalação dos certificados raíz] Ok.
10/16/2018 16:04:09 [5: Ajustes adicionais] Verificando...
10/16/2018 16:04:09 [5: Ajustes adicionais] Limpando...
10/16/2018 16:04:09 [5: Ajustes adicionais] Ok.
10/16/2018 16:04:10 [7: Instalando módulo de segurança] Verificando...
10/16/2018 16:04:10 [7: Instalando módulo de segurança] Efetuando download do instalador...
10/16/2018 16:04:47 [7: Instalando módulo de segurança] Instalando...
10/16/2018 16:05:01 [7: Instalando módulo de segurança] Ok.
10/16/2018 16:05:01 [8: Preparando módulo de segurança] Verificando...
10/16/2018 16:05:01 [8: Preparando módulo de segurança] Ok.
10/16/2018 16:05:01 [9: Finalizando a instalação] Verificando...
10/16/2018 16:05:01 [9: Finalizando a instalação] Ok.
10/16/2018 16:05:01 [10: Validando a instalação] Verificando...
10/16/2018 16:05:34 [10: Validando a instalação] Ok.
10/16/2018 16:05:34 [12: Ajustando ambiente] Verificando...
10/16/2018 16:05:34 [12: Ajustando ambiente] Ok.
10/16/2018 16:05:37 Reiniciando o sistema...
10/16/2018 16:05:40 CONCLUÍDO.
10/16/2018 16:13:55 INICIANDO...
10/16/2018 16:13:55 2.1.0.2
10/16/2018 16:13:55 Usuário: Otavio(Administrador)
10/16/2018 16:13:55 Versão do Sistema Operacional: 6.2.9200
10/16/2018 16:13:55 64 Bits: true
10/16/2018 16:13:56   ( 0.7 )
10/16/2018 16:13:56 UAC: Ativado
10/16/2018 16:13:56 Verificando se Mozilla Firefox está instalado...
10/16/2018 16:13:56 Mozilla Firefox não instalado.
10/16/2018 16:13:56 [7: Instalando módulo de segurança] Verificando...
10/16/2018 16:13:56 [7: Instalando módulo de segurança] Efetuando download do instalador...
10/16/2018 16:14:34 [7: Instalando módulo de segurança] Instalando...
10/16/2018 16:14:49 [7: Instalando módulo de segurança] Ok.
10/16/2018 16:14:49 Foram detectados problemas durante a execução do processo.
10/16/2018 16:14:49 [13: Concluindo ajustes] Verificando...
10/16/2018 16:14:51 [13: Concluindo ajustes] CONCLUÍDO.
10/16/2018 16:14:51 CONCLUÍDO.
